2016/09/09 15:10:31 [error] [exception.CHttpException.404] exception 'CHttpException' with message 'Unable to resolve the request "main/main".' in /alidata/www/yii1.1.15/framework/web/CWebApplication.php:286
Stack trace:
#0 /alidata/www/yii1.1.15/framework/web/CWebApplication.php(141): CWebApplication->runController('main/main')
#1 /alidata/www/yii1.1.15/framework/base/CApplication.php(180): CWebApplication->processRequest()
#2 /alidata/www/miniq/index.php(13): CApplication->run()
#3 {main}
REQUEST_URI=/miniq/index.php?r=main/main
---
2016/09/09 15:10:58 [error] [exception.CHttpException.404] exception 'CHttpException' with message 'Unable to resolve the request "main/main".' in /alidata/www/yii1.1.15/framework/web/CWebApplication.php:286
Stack trace:
#0 /alidata/www/yii1.1.15/framework/web/CWebApplication.php(141): CWebApplication->runController('main/main')
#1 /alidata/www/yii1.1.15/framework/base/CApplication.php(180): CWebApplication->processRequest()
#2 /alidata/www/miniq/index.php(13): CApplication->run()
#3 {main}
REQUEST_URI=/miniq/index.php?r=main/main
---
2016/09/09 15:16:56 [error] [exception.CHttpException.404] exception 'CHttpException' with message 'Unable to resolve the request "main/main".' in /alidata/www/yii1.1.15/framework/web/CWebApplication.php:286
Stack trace:
#0 /alidata/www/yii1.1.15/framework/web/CWebApplication.php(141): CWebApplication->runController('main/main')
#1 /alidata/www/yii1.1.15/framework/base/CApplication.php(180): CWebApplication->processRequest()
#2 /alidata/www/miniq/index.php(13): CApplication->run()
#3 {main}
REQUEST_URI=/miniq/index.php?r=main/main
---
2016/09/09 15:18:44 [error] [exception.CHttpException.404] exception 'CHttpException' with message 'Unable to resolve the request "main/main".' in /alidata/www/yii1.1.15/framework/web/CWebApplication.php:286
Stack trace:
#0 /alidata/www/yii1.1.15/framework/web/CWebApplication.php(141): CWebApplication->runController('main/main')
#1 /alidata/www/yii1.1.15/framework/base/CApplication.php(180): CWebApplication->processRequest()
#2 /alidata/www/miniq/index.php(13): CApplication->run()
#3 {main}
REQUEST_URI=/miniq/index.php?r=main/main
---
2016/09/09 15:20:15 [error] [exception.CHttpException.404] exception 'CHttpException' with message 'Unable to resolve the request "main/main".' in /alidata/www/yii1.1.15/framework/web/CWebApplication.php:286
Stack trace:
#0 /alidata/www/yii1.1.15/framework/web/CWebApplication.php(141): CWebApplication->runController('main/main')
#1 /alidata/www/yii1.1.15/framework/base/CApplication.php(180): CWebApplication->processRequest()
#2 /alidata/www/miniq/index.php(13): CApplication->run()
#3 {main}
REQUEST_URI=/miniq/index.php?r=main/main
---
2016/09/09 15:20:37 [error] [php] Use of undefined constant FRONT_OPEN_SOURCE_URL - assumed 'FRONT_OPEN_SOURCE_URL' (/alidata/www/miniq/protected/views/login/Login.php:9)
Stack trace:
#0 /alidata/www/yii1.1.15/framework/web/CController.php(869): LoginController->renderFile()
#1 /alidata/www/miniq/protected/controllers/LoginController.php(7): LoginController->renderPartial()
#2 /alidata/www/yii1.1.15/framework/web/actions/CInlineAction.php(49): LoginController->actionLogin()
#3 /alidata/www/yii1.1.15/framework/web/CController.php(308): CInlineAction->runWithParams()
#4 /alidata/www/yii1.1.15/framework/web/CController.php(286): LoginController->runAction()
#5 /alidata/www/yii1.1.15/framework/web/CController.php(265): LoginController->runActionWithFilters()
#6 /alidata/www/yii1.1.15/framework/web/CWebApplication.php(282): LoginController->run()
#7 /alidata/www/yii1.1.15/framework/web/CWebApplication.php(141): CWebApplication->runController()
#8 /alidata/www/yii1.1.15/framework/base/CApplication.php(180): CWebApplication->processRequest()
#9 /alidata/www/miniq/index.php(13): CWebApplication->run()
REQUEST_URI=/miniq/index.php?r=login/login
in /alidata/www/miniq/protected/views/login/Login.php (9)
in /alidata/www/miniq/protected/controllers/LoginController.php (7)
in /alidata/www/miniq/index.php (13)
2016/09/09 15:22:15 [error] [php] Use of undefined constant FRONT_OPEN_SOURCE_URL - assumed 'FRONT_OPEN_SOURCE_URL' (/alidata/www/miniq/protected/views/login/Login.php:9)
Stack trace:
#0 /alidata/www/yii1.1.15/framework/web/CController.php(869): LoginController->renderFile()
#1 /alidata/www/miniq/protected/controllers/LoginController.php(7): LoginController->renderPartial()
#2 /alidata/www/yii1.1.15/framework/web/actions/CInlineAction.php(49): LoginController->actionLogin()
#3 /alidata/www/yii1.1.15/framework/web/CController.php(308): CInlineAction->runWithParams()
#4 /alidata/www/yii1.1.15/framework/web/CController.php(286): LoginController->runAction()
#5 /alidata/www/yii1.1.15/framework/web/CController.php(265): LoginController->runActionWithFilters()
#6 /alidata/www/yii1.1.15/framework/web/CWebApplication.php(282): LoginController->run()
#7 /alidata/www/yii1.1.15/framework/web/CWebApplication.php(141): CWebApplication->runController()
#8 /alidata/www/yii1.1.15/framework/base/CApplication.php(180): CWebApplication->processRequest()
#9 /alidata/www/miniq/index.php(13): CWebApplication->run()
REQUEST_URI=/miniq/index.php?r=login/login
in /alidata/www/miniq/protected/views/login/Login.php (9)
in /alidata/www/miniq/protected/controllers/LoginController.php (7)
in /alidata/www/miniq/index.php (13)
2016/09/09 15:26:15 [error] [exception.CHttpException.404] exception 'CHttpException' with message 'Unable to resolve the request "site/index".' in /alidata/www/yii1.1.15/framework/web/CWebApplication.php:286
Stack trace:
#0 /alidata/www/yii1.1.15/framework/web/CWebApplication.php(141): CWebApplication->runController('site/index')
#1 /alidata/www/yii1.1.15/framework/base/CApplication.php(180): CWebApplication->processRequest()
#2 /alidata/www/miniq/index.php(14): CApplication->run()
#3 {main}
REQUEST_URI=/miniq/index.php?r=site/index
---
2016/09/09 15:28:04 [error] [exception.CHttpException.404] exception 'CHttpException' with message 'Unable to resolve the request "Main/Main".' in /alidata/www/yii1.1.15/framework/web/CWebApplication.php:286
Stack trace:
#0 /alidata/www/yii1.1.15/framework/web/CWebApplication.php(141): CWebApplication->runController('Main/Main')
#1 /alidata/www/yii1.1.15/framework/base/CApplication.php(180): CWebApplication->processRequest()
#2 /alidata/www/miniq/index.php(14): CApplication->run()
#3 {main}
REQUEST_URI=/?r=Main/Main
HTTP_REFERER=http://www.miniq.site/
---
2016/09/09 15:28:12 [error] [exception.CHttpException.404] exception 'CHttpException' with message 'Unable to resolve the request "Main/Main".' in /alidata/www/yii1.1.15/framework/web/CWebApplication.php:286
Stack trace:
#0 /alidata/www/yii1.1.15/framework/web/CWebApplication.php(141): CWebApplication->runController('Main/Main')
#1 /alidata/www/yii1.1.15/framework/base/CApplication.php(180): CWebApplication->processRequest()
#2 /alidata/www/miniq/index.php(14): CApplication->run()
#3 {main}
REQUEST_URI=/?r=Main/Main
HTTP_REFERER=http://www.miniq.site/
---
2016/09/09 17:44:20 [error] [exception.CDbException] exception 'CDbException' with message 'CDbConnection failed to open the DB connection: SQLSTATE[42000] [1049] Unknown database 'aliyundb'' in /alidata/www/yii1.1.15/framework/db/CDbConnection.php:382
Stack trace:
#0 /alidata/www/yii1.1.15/framework/db/CDbConnection.php(330): CDbConnection->open()
#1 /alidata/www/yii1.1.15/framework/db/CDbConnection.php(308): CDbConnection->setActive(true)
#2 /alidata/www/yii1.1.15/framework/base/CModule.php(387): CDbConnection->init()
#3 /alidata/www/yii1.1.15/framework/base/CApplication.php(450): CModule->getComponent('db')
#4 /alidata/www/yii1.1.15/framework/db/ar/CActiveRecord.php(634): CApplication->getDb()
#5 /alidata/www/yii1.1.15/framework/db/ar/CActiveRecord.php(667): CActiveRecord->getDbConnection()
#6 /alidata/www/yii1.1.15/framework/db/ar/CActiveRecord.php(1455): CActiveRecord->getCommandBuilder()
#7 /alidata/www/miniq/protected/models/util/TableUser.php(49): CActiveRecord->find(Object(CDbCriteria))
#8 /alidata/www/miniq/protected/models/util/TableUser.php(8): TableUser->findByOpenId()
#9 /alidata/www/miniq/protected/controllers/MysqlUserController.php(11): TableUser->__construct('67EB8F9DA303F18...')
#10 /alidata/www/yii1.1.15/framework/web/actions/CInlineAction.php(49): MysqlUserController->actionLoginCheck()
#11 /alidata/www/yii1.1.15/framework/web/CController.php(308): CInlineAction->runWithParams(Array)
#12 /alidata/www/yii1.1.15/framework/web/CController.php(286): CController->runAction(Object(CInlineAction))
#13 /alidata/www/yii1.1.15/framework/web/CController.php(265): CController->runActionWithFilters(Object(CInlineAction), Array)
#14 /alidata/www/yii1.1.15/framework/web/CWebApplication.php(282): CController->run('LoginCheck')
#15 /alidata/www/yii1.1.15/framework/web/CWebApplication.php(141): CWebApplication->runController('MysqlUser/Login...')
#16 /alidata/www/yii1.1.15/framework/base/CApplication.php(180): CWebApplication->processRequest()
#17 /alidata/www/miniq/index.php(14): CApplication->run()
#18 {main}
REQUEST_URI=/?r=MysqlUser/LoginCheck&openId=67EB8F9DA303F184014F9268D8294156
HTTP_REFERER=http://www.miniq.site/?r=Main/Main
---
2016/09/09 17:53:04 [error] [exception.CDbException] exception 'CDbException' with message 'CDbConnection failed to open the DB connection: SQLSTATE[42000] [1049] Unknown database 'aliyundb'' in /alidata/www/yii1.1.15/framework/db/CDbConnection.php:382
Stack trace:
#0 /alidata/www/yii1.1.15/framework/db/CDbConnection.php(330): CDbConnection->open()
#1 /alidata/www/yii1.1.15/framework/db/CDbConnection.php(308): CDbConnection->setActive(true)
#2 /alidata/www/yii1.1.15/framework/base/CModule.php(387): CDbConnection->init()
#3 /alidata/www/yii1.1.15/framework/base/CApplication.php(450): CModule->getComponent('db')
#4 /alidata/www/yii1.1.15/framework/db/ar/CActiveRecord.php(634): CApplication->getDb()
#5 /alidata/www/yii1.1.15/framework/db/ar/CActiveRecord.php(667): CActiveRecord->getDbConnection()
#6 /alidata/www/yii1.1.15/framework/db/ar/CActiveRecord.php(1455): CActiveRecord->getCommandBuilder()
#7 /alidata/www/miniq/protected/models/util/TableUser.php(49): CActiveRecord->find(Object(CDbCriteria))
#8 /alidata/www/miniq/protected/models/util/TableUser.php(8): TableUser->findByOpenId()
#9 /alidata/www/miniq/protected/controllers/MysqlUserController.php(11): TableUser->__construct('67EB8F9DA303F18...')
#10 /alidata/www/yii1.1.15/framework/web/actions/CInlineAction.php(49): MysqlUserController->actionLoginCheck()
#11 /alidata/www/yii1.1.15/framework/web/CController.php(308): CInlineAction->runWithParams(Array)
#12 /alidata/www/yii1.1.15/framework/web/CController.php(286): CController->runAction(Object(CInlineAction))
#13 /alidata/www/yii1.1.15/framework/web/CController.php(265): CController->runActionWithFilters(Object(CInlineAction), Array)
#14 /alidata/www/yii1.1.15/framework/web/CWebApplication.php(282): CController->run('LoginCheck')
#15 /alidata/www/yii1.1.15/framework/web/CWebApplication.php(141): CWebApplication->runController('MysqlUser/Login...')
#16 /alidata/www/yii1.1.15/framework/base/CApplication.php(180): CWebApplication->processRequest()
#17 /alidata/www/miniq/index.php(14): CApplication->run()
#18 {main}
REQUEST_URI=/?r=MysqlUser/LoginCheck&openId=67EB8F9DA303F184014F9268D8294156
HTTP_REFERER=http://www.miniq.site/?r=Main/Main
---
2016/09/09 17:53:14 [error] [exception.CDbException] exception 'CDbException' with message 'CDbConnection failed to open the DB connection: SQLSTATE[42000] [1049] Unknown database 'aliyundb'' in /alidata/www/yii1.1.15/framework/db/CDbConnection.php:382
Stack trace:
#0 /alidata/www/yii1.1.15/framework/db/CDbConnection.php(330): CDbConnection->open()
#1 /alidata/www/yii1.1.15/framework/db/CDbConnection.php(308): CDbConnection->setActive(true)
#2 /alidata/www/yii1.1.15/framework/base/CModule.php(387): CDbConnection->init()
#3 /alidata/www/yii1.1.15/framework/base/CApplication.php(450): CModule->getComponent('db')
#4 /alidata/www/yii1.1.15/framework/db/ar/CActiveRecord.php(634): CApplication->getDb()
#5 /alidata/www/yii1.1.15/framework/db/ar/CActiveRecord.php(667): CActiveRecord->getDbConnection()
#6 /alidata/www/yii1.1.15/framework/db/ar/CActiveRecord.php(1455): CActiveRecord->getCommandBuilder()
#7 /alidata/www/miniq/protected/models/util/TableUser.php(49): CActiveRecord->find(Object(CDbCriteria))
#8 /alidata/www/miniq/protected/models/util/TableUser.php(8): TableUser->findByOpenId()
#9 /alidata/www/miniq/protected/controllers/MysqlUserController.php(11): TableUser->__construct('67EB8F9DA303F18...')
#10 /alidata/www/yii1.1.15/framework/web/actions/CInlineAction.php(49): MysqlUserController->actionLoginCheck()
#11 /alidata/www/yii1.1.15/framework/web/CController.php(308): CInlineAction->runWithParams(Array)
#12 /alidata/www/yii1.1.15/framework/web/CController.php(286): CController->runAction(Object(CInlineAction))
#13 /alidata/www/yii1.1.15/framework/web/CController.php(265): CController->runActionWithFilters(Object(CInlineAction), Array)
#14 /alidata/www/yii1.1.15/framework/web/CWebApplication.php(282): CController->run('LoginCheck')
#15 /alidata/www/yii1.1.15/framework/web/CWebApplication.php(141): CWebApplication->runController('MysqlUser/Login...')
#16 /alidata/www/yii1.1.15/framework/base/CApplication.php(180): CWebApplication->processRequest()
#17 /alidata/www/miniq/index.php(14): CApplication->run()
#18 {main}
REQUEST_URI=/?r=MysqlUser/LoginCheck&openId=67EB8F9DA303F184014F9268D8294156
HTTP_REFERER=http://www.miniq.site/?r=Main/Main
---
2016/09/09 17:53:56 [error] [system.db.CDbCommand] CDbCommand::fetchAll() failed: SQLSTATE[42S02]: Base table or view not found: 1146 Table 'aliyun.mini_user' doesn't exist. The SQL statement executed was: SHOW FULL COLUMNS FROM `mini_user`.
in /alidata/www/miniq/protected/models/util/TableUser.php (49)
in /alidata/www/miniq/protected/models/util/TableUser.php (8)
in /alidata/www/miniq/protected/controllers/MysqlUserController.php (11)
2016/09/09 17:53:56 [error] [exception.CDbException] exception 'CDbException' with message 'The table "{{user}}" for active record class "MysqlUser" cannot be found in the database.' in /alidata/www/yii1.1.15/framework/db/ar/CActiveRecord.php:2362
Stack trace:
#0 /alidata/www/yii1.1.15/framework/db/ar/CActiveRecord.php(411): CActiveRecordMetaData->__construct(Object(MysqlUser))
#1 /alidata/www/yii1.1.15/framework/db/ar/CActiveRecord.php(658): CActiveRecord->getMetaData()
#2 /alidata/www/yii1.1.15/framework/db/ar/CActiveRecord.php(1350): CActiveRecord->getTableSchema()
#3 /alidata/www/yii1.1.15/framework/db/ar/CActiveRecord.php(1456): CActiveRecord->query(Object(CDbCriteria))
#4 /alidata/www/miniq/protected/models/util/TableUser.php(49): CActiveRecord->find(Object(CDbCriteria))
#5 /alidata/www/miniq/protected/models/util/TableUser.php(8): TableUser->findByOpenId()
#6 /alidata/www/miniq/protected/controllers/MysqlUserController.php(11): TableUser->__construct('67EB8F9DA303F18...')
#7 /alidata/www/yii1.1.15/framework/web/actions/CInlineAction.php(49): MysqlUserController->actionLoginCheck()
#8 /alidata/www/yii1.1.15/framework/web/CController.php(308): CInlineAction->runWithParams(Array)
#9 /alidata/www/yii1.1.15/framework/web/CController.php(286): CController->runAction(Object(CInlineAction))
#10 /alidata/www/yii1.1.15/framework/web/CController.php(265): CController->runActionWithFilters(Object(CInlineAction), Array)
#11 /alidata/www/yii1.1.15/framework/web/CWebApplication.php(282): CController->run('LoginCheck')
#12 /alidata/www/yii1.1.15/framework/web/CWebApplication.php(141): CWebApplication->runController('MysqlUser/Login...')
#13 /alidata/www/yii1.1.15/framework/base/CApplication.php(180): CWebApplication->processRequest()
#14 /alidata/www/miniq/index.php(14): CApplication->run()
#15 {main}
REQUEST_URI=/?r=MysqlUser/LoginCheck&openId=67EB8F9DA303F184014F9268D8294156
HTTP_REFERER=http://www.miniq.site/?r=Main/Main
---
2016/09/09 17:54:55 [error] [system.db.CDbCommand] CDbCommand::fetchAll() failed: SQLSTATE[42S02]: Base table or view not found: 1146 Table 'aliyun.miniq_table' doesn't exist. The SQL statement executed was: SHOW FULL COLUMNS FROM `miniq_table`.
in /alidata/www/miniq/protected/models/util/TableTable.php (8)
in /alidata/www/miniq/protected/controllers/MysqlUserController.php (18)
in /alidata/www/miniq/index.php (14)
2016/09/09 17:54:55 [error] [exception.CDbException] exception 'CDbException' with message 'The table "{{table}}" for active record class "MysqlTable" cannot be found in the database.' in /alidata/www/yii1.1.15/framework/db/ar/CActiveRecord.php:2362
Stack trace:
#0 /alidata/www/yii1.1.15/framework/db/ar/CActiveRecord.php(411): CActiveRecordMetaData->__construct(Object(MysqlTable))
#1 /alidata/www/yii1.1.15/framework/db/ar/CActiveRecord.php(79): CActiveRecord->getMetaData()
#2 /alidata/www/miniq/protected/models/util/TableTable.php(8): CActiveRecord->__construct()
#3 /alidata/www/miniq/protected/controllers/MysqlUserController.php(18): TableTable->insertOneData('67EB8F9DA303F18...', '????????????')
#4 /alidata/www/yii1.1.15/framework/web/actions/CInlineAction.php(49): MysqlUserController->actionLoginCheck()
#5 /alidata/www/yii1.1.15/framework/web/CController.php(308): CInlineAction->runWithParams(Array)
#6 /alidata/www/yii1.1.15/framework/web/CController.php(286): CController->runAction(Object(CInlineAction))
#7 /alidata/www/yii1.1.15/framework/web/CController.php(265): CController->runActionWithFilters(Object(CInlineAction), Array)
#8 /alidata/www/yii1.1.15/framework/web/CWebApplication.php(282): CController->run('LoginCheck')
#9 /alidata/www/yii1.1.15/framework/web/CWebApplication.php(141): CWebApplication->runController('MysqlUser/Login...')
#10 /alidata/www/yii1.1.15/framework/base/CApplication.php(180): CWebApplication->processRequest()
#11 /alidata/www/miniq/index.php(14): CApplication->run()
#12 {main}
REQUEST_URI=/?r=MysqlUser/LoginCheck&openId=67EB8F9DA303F184014F9268D8294156
HTTP_REFERER=http://www.miniq.site/?r=Main/Main
---
2016/09/09 17:56:55 [error] [system.db.CDbCommand] CDbCommand::fetchAll() failed: SQLSTATE[42S02]: Base table or view not found: 1146 Table 'aliyun.miniq_link' doesn't exist. The SQL statement executed was: SHOW FULL COLUMNS FROM `miniq_link`.
in /alidata/www/miniq/protected/models/util/TableLink.php (75)
in /alidata/www/miniq/protected/models/util/TableLink.php (16)
in /alidata/www/miniq/protected/controllers/MysqlTableController.php (37)
2016/09/09 17:56:55 [error] [exception.CDbException] exception 'CDbException' with message 'The table "{{link}}" for active record class "MysqlLink" cannot be found in the database.' in /alidata/www/yii1.1.15/framework/db/ar/CActiveRecord.php:2362
Stack trace:
#0 /alidata/www/yii1.1.15/framework/db/ar/CActiveRecord.php(411): CActiveRecordMetaData->__construct(Object(MysqlLink))
#1 /alidata/www/yii1.1.15/framework/db/ar/CActiveRecord.php(658): CActiveRecord->getMetaData()
#2 /alidata/www/yii1.1.15/framework/db/ar/CActiveRecord.php(1350): CActiveRecord->getTableSchema()
#3 /alidata/www/yii1.1.15/framework/db/ar/CActiveRecord.php(1470): CActiveRecord->query(Object(CDbCriteria), true)
#4 /alidata/www/miniq/protected/models/util/TableLink.php(75): CActiveRecord->findAll(Object(CDbCriteria))
#5 /alidata/www/miniq/protected/models/util/TableLink.php(16): TableLink->findAllByUserId('67EB8F9DA303F18...')
#6 /alidata/www/miniq/protected/controllers/MysqlTableController.php(37): TableLink->getAllByUserId('67EB8F9DA303F18...')
#7 /alidata/www/yii1.1.15/framework/web/actions/CInlineAction.php(49): MysqlTableController->actionGetLogTableList()
#8 /alidata/www/yii1.1.15/framework/web/CController.php(308): CInlineAction->runWithParams(Array)
#9 /alidata/www/yii1.1.15/framework/web/CController.php(286): CController->runAction(Object(CInlineAction))
#10 /alidata/www/yii1.1.15/framework/web/CController.php(265): CController->runActionWithFilters(Object(CInlineAction), Array)
#11 /alidata/www/yii1.1.15/framework/web/CWebApplication.php(282): CController->run('GetLogTableList')
#12 /alidata/www/yii1.1.15/framework/web/CWebApplication.php(141): CWebApplication->runController('MysqlTable/GetL...')
#13 /alidata/www/yii1.1.15/framework/base/CApplication.php(180): CWebApplication->processRequest()
#14 /alidata/www/miniq/index.php(14): CApplication->run()
#15 {main}
REQUEST_URI=/?r=MysqlTable/GetLogTableList&openId=67EB8F9DA303F184014F9268D8294156
HTTP_REFERER=http://www.miniq.site/?r=Main/Main
---
2016/09/09 17:56:55 [error] [system.db.CDbCommand] CDbCommand::fetchAll() failed: SQLSTATE[42S02]: Base table or view not found: 1146 Table 'aliyun.miniq_mainLine' doesn't exist. The SQL statement executed was: SHOW FULL COLUMNS FROM `miniq_mainLine`.
in /alidata/www/miniq/protected/models/util/TableMainLine.php (74)
in /alidata/www/miniq/protected/models/util/TableMainLine.php (61)
in /alidata/www/miniq/protected/controllers/MysqlBacklogController.php (69)
2016/09/09 17:56:55 [error] [exception.CDbException] exception 'CDbException' with message 'The table "{{mainLine}}" for active record class "MysqlMainLine" cannot be found in the database.' in /alidata/www/yii1.1.15/framework/db/ar/CActiveRecord.php:2362
Stack trace:
#0 /alidata/www/yii1.1.15/framework/db/ar/CActiveRecord.php(411): CActiveRecordMetaData->__construct(Object(MysqlMainLine))
#1 /alidata/www/yii1.1.15/framework/db/ar/CActiveRecord.php(658): CActiveRecord->getMetaData()
#2 /alidata/www/yii1.1.15/framework/db/ar/CActiveRecord.php(1350): CActiveRecord->getTableSchema()
#3 /alidata/www/yii1.1.15/framework/db/ar/CActiveRecord.php(1456): CActiveRecord->query(Object(CDbCriteria))
#4 /alidata/www/miniq/protected/models/util/TableMainLine.php(74): CActiveRecord->find(Object(CDbCriteria))
#5 /alidata/www/miniq/protected/models/util/TableMainLine.php(61): TableMainLine->findOneInUse()
#6 /alidata/www/miniq/protected/controllers/MysqlBacklogController.php(69): TableMainLine->getInUse()
#7 /alidata/www/yii1.1.15/framework/web/actions/CInlineAction.php(49): MysqlBacklogController->actionGetInfoInUseMainLineAndUncompletedBacklog()
#8 /alidata/www/yii1.1.15/framework/web/CController.php(308): CInlineAction->runWithParams(Array)
#9 /alidata/www/yii1.1.15/framework/web/CController.php(286): CController->runAction(Object(CInlineAction))
#10 /alidata/www/yii1.1.15/framework/web/CController.php(265): CController->runActionWithFilters(Object(CInlineAction), Array)
#11 /alidata/www/yii1.1.15/framework/web/CWebApplication.php(282): CController->run('GetInfoInUseMai...')
#12 /alidata/www/yii1.1.15/framework/web/CWebApplication.php(141): CWebApplication->runController('MysqlBacklog/Ge...')
#13 /alidata/www/yii1.1.15/framework/base/CApplication.php(180): CWebApplication->processRequest()
#14 /alidata/www/miniq/index.php(14): CApplication->run()
#15 {main}
REQUEST_URI=/?r=MysqlBacklog/GetInfoInUseMainLineAndUncompletedBacklog&openId=67EB8F9DA303F184014F9268D8294156
HTTP_REFERER=http://www.miniq.site/?r=Main/Main
---
2016/09/09 17:56:55 [error] [system.db.CDbCommand] CDbCommand::fetchAll() failed: SQLSTATE[42S02]: Base table or view not found: 1146 Table 'aliyun.miniq_link' doesn't exist. The SQL statement executed was: SHOW FULL COLUMNS FROM `miniq_link`.
in /alidata/www/miniq/protected/models/util/TableLink.php (75)
in /alidata/www/miniq/protected/models/util/TableLink.php (16)
in /alidata/www/miniq/protected/controllers/MysqlTransactionController.php (65)
2016/09/09 17:56:55 [error] [exception.CDbException] exception 'CDbException' with message 'The table "{{link}}" for active record class "MysqlLink" cannot be found in the database.' in /alidata/www/yii1.1.15/framework/db/ar/CActiveRecord.php:2362
Stack trace:
#0 /alidata/www/yii1.1.15/framework/db/ar/CActiveRecord.php(411): CActiveRecordMetaData->__construct(Object(MysqlLink))
#1 /alidata/www/yii1.1.15/framework/db/ar/CActiveRecord.php(658): CActiveRecord->getMetaData()
#2 /alidata/www/yii1.1.15/framework/db/ar/CActiveRecord.php(1350): CActiveRecord->getTableSchema()
#3 /alidata/www/yii1.1.15/framework/db/ar/CActiveRecord.php(1470): CActiveRecord->query(Object(CDbCriteria), true)
#4 /alidata/www/miniq/protected/models/util/TableLink.php(75): CActiveRecord->findAll(Object(CDbCriteria))
#5 /alidata/www/miniq/protected/models/util/TableLink.php(16): TableLink->findAllByUserId('67EB8F9DA303F18...')
#6 /alidata/www/miniq/protected/controllers/MysqlTransactionController.php(65): TableLink->getAllByUserId('67EB8F9DA303F18...')
#7 /alidata/www/miniq/protected/controllers/MysqlTransactionController.php(14): MysqlTransactionController->getTableInfo('67EB8F9DA303F18...')
#8 /alidata/www/yii1.1.15/framework/web/actions/CInlineAction.php(49): MysqlTransactionController->actionGetTransactionByTimeAry()
#9 /alidata/www/yii1.1.15/framework/web/CController.php(308): CInlineAction->runWithParams(Array)
#10 /alidata/www/yii1.1.15/framework/web/CController.php(286): CController->runAction(Object(CInlineAction))
#11 /alidata/www/yii1.1.15/framework/web/CController.php(265): CController->runActionWithFilters(Object(CInlineAction), Array)
#12 /alidata/www/yii1.1.15/framework/web/CWebApplication.php(282): CController->run('GetTransactionB...')
#13 /alidata/www/yii1.1.15/framework/web/CWebApplication.php(141): CWebApplication->runController('MysqlTransactio...')
#14 /alidata/www/yii1.1.15/framework/base/CApplication.php(180): CWebApplication->processRequest()
#15 /alidata/www/miniq/index.php(14): CApplication->run()
#16 {main}
REQUEST_URI=/?r=MysqlTransaction/GetTransactionByTimeAry
HTTP_REFERER=http://www.miniq.site/?r=Main/Main
---
2016/09/09 18:00:28 [error] [system.db.CDbCommand] CDbCommand::fetchAll() failed: SQLSTATE[42S02]: Base table or view not found: 1146 Table 'aliyun.miniq_link' doesn't exist. The SQL statement executed was: SHOW FULL COLUMNS FROM `miniq_link`.
in /alidata/www/miniq/protected/models/util/TableLink.php (75)
in /alidata/www/miniq/protected/models/util/TableLink.php (16)
in /alidata/www/miniq/protected/controllers/MysqlTableController.php (37)
2016/09/09 18:00:28 [error] [exception.CDbException] exception 'CDbException' with message 'The table "{{link}}" for active record class "MysqlLink" cannot be found in the database.' in /alidata/www/yii1.1.15/framework/db/ar/CActiveRecord.php:2362
Stack trace:
#0 /alidata/www/yii1.1.15/framework/db/ar/CActiveRecord.php(411): CActiveRecordMetaData->__construct(Object(MysqlLink))
#1 /alidata/www/yii1.1.15/framework/db/ar/CActiveRecord.php(658): CActiveRecord->getMetaData()
#2 /alidata/www/yii1.1.15/framework/db/ar/CActiveRecord.php(1350): CActiveRecord->getTableSchema()
#3 /alidata/www/yii1.1.15/framework/db/ar/CActiveRecord.php(1470): CActiveRecord->query(Object(CDbCriteria), true)
#4 /alidata/www/miniq/protected/models/util/TableLink.php(75): CActiveRecord->findAll(Object(CDbCriteria))
#5 /alidata/www/miniq/protected/models/util/TableLink.php(16): TableLink->findAllByUserId('67EB8F9DA303F18...')
#6 /alidata/www/miniq/protected/controllers/MysqlTableController.php(37): TableLink->getAllByUserId('67EB8F9DA303F18...')
#7 /alidata/www/yii1.1.15/framework/web/actions/CInlineAction.php(49): MysqlTableController->actionGetLogTableList()
#8 /alidata/www/yii1.1.15/framework/web/CController.php(308): CInlineAction->runWithParams(Array)
#9 /alidata/www/yii1.1.15/framework/web/CController.php(286): CController->runAction(Object(CInlineAction))
#10 /alidata/www/yii1.1.15/framework/web/CController.php(265): CController->runActionWithFilters(Object(CInlineAction), Array)
#11 /alidata/www/yii1.1.15/framework/web/CWebApplication.php(282): CController->run('GetLogTableList')
#12 /alidata/www/yii1.1.15/framework/web/CWebApplication.php(141): CWebApplication->runController('MysqlTable/GetL...')
#13 /alidata/www/yii1.1.15/framework/base/CApplication.php(180): CWebApplication->processRequest()
#14 /alidata/www/miniq/index.php(14): CApplication->run()
#15 {main}
REQUEST_URI=/?r=MysqlTable/GetLogTableList&openId=67EB8F9DA303F184014F9268D8294156
HTTP_REFERER=http://www.miniq.site/?r=Main/Main
---
2016/09/09 18:00:28 [error] [system.db.CDbCommand] CDbCommand::fetchAll() failed: SQLSTATE[42S02]: Base table or view not found: 1146 Table 'aliyun.miniq_mainLine' doesn't exist. The SQL statement executed was: SHOW FULL COLUMNS FROM `miniq_mainLine`.
in /alidata/www/miniq/protected/models/util/TableMainLine.php (74)
in /alidata/www/miniq/protected/models/util/TableMainLine.php (61)
in /alidata/www/miniq/protected/controllers/MysqlBacklogController.php (69)
2016/09/09 18:00:28 [error] [exception.CDbException] exception 'CDbException' with message 'The table "{{mainLine}}" for active record class "MysqlMainLine" cannot be found in the database.' in /alidata/www/yii1.1.15/framework/db/ar/CActiveRecord.php:2362
Stack trace:
#0 /alidata/www/yii1.1.15/framework/db/ar/CActiveRecord.php(411): CActiveRecordMetaData->__construct(Object(MysqlMainLine))
#1 /alidata/www/yii1.1.15/framework/db/ar/CActiveRecord.php(658): CActiveRecord->getMetaData()
#2 /alidata/www/yii1.1.15/framework/db/ar/CActiveRecord.php(1350): CActiveRecord->getTableSchema()
#3 /alidata/www/yii1.1.15/framework/db/ar/CActiveRecord.php(1456): CActiveRecord->query(Object(CDbCriteria))
#4 /alidata/www/miniq/protected/models/util/TableMainLine.php(74): CActiveRecord->find(Object(CDbCriteria))
#5 /alidata/www/miniq/protected/models/util/TableMainLine.php(61): TableMainLine->findOneInUse()
#6 /alidata/www/miniq/protected/controllers/MysqlBacklogController.php(69): TableMainLine->getInUse()
#7 /alidata/www/yii1.1.15/framework/web/actions/CInlineAction.php(49): MysqlBacklogController->actionGetInfoInUseMainLineAndUncompletedBacklog()
#8 /alidata/www/yii1.1.15/framework/web/CController.php(308): CInlineAction->runWithParams(Array)
#9 /alidata/www/yii1.1.15/framework/web/CController.php(286): CController->runAction(Object(CInlineAction))
#10 /alidata/www/yii1.1.15/framework/web/CController.php(265): CController->runActionWithFilters(Object(CInlineAction), Array)
#11 /alidata/www/yii1.1.15/framework/web/CWebApplication.php(282): CController->run('GetInfoInUseMai...')
#12 /alidata/www/yii1.1.15/framework/web/CWebApplication.php(141): CWebApplication->runController('MysqlBacklog/Ge...')
#13 /alidata/www/yii1.1.15/framework/base/CApplication.php(180): CWebApplication->processRequest()
#14 /alidata/www/miniq/index.php(14): CApplication->run()
#15 {main}
REQUEST_URI=/?r=MysqlBacklog/GetInfoInUseMainLineAndUncompletedBacklog&openId=67EB8F9DA303F184014F9268D8294156
HTTP_REFERER=http://www.miniq.site/?r=Main/Main
---
2016/09/09 18:00:28 [error] [system.db.CDbCommand] CDbCommand::fetchAll() failed: SQLSTATE[42S02]: Base table or view not found: 1146 Table 'aliyun.miniq_link' doesn't exist. The SQL statement executed was: SHOW FULL COLUMNS FROM `miniq_link`.
in /alidata/www/miniq/protected/models/util/TableLink.php (75)
in /alidata/www/miniq/protected/models/util/TableLink.php (16)
in /alidata/www/miniq/protected/controllers/MysqlTransactionController.php (65)
2016/09/09 18:00:28 [error] [exception.CDbException] exception 'CDbException' with message 'The table "{{link}}" for active record class "MysqlLink" cannot be found in the database.' in /alidata/www/yii1.1.15/framework/db/ar/CActiveRecord.php:2362
Stack trace:
#0 /alidata/www/yii1.1.15/framework/db/ar/CActiveRecord.php(411): CActiveRecordMetaData->__construct(Object(MysqlLink))
#1 /alidata/www/yii1.1.15/framework/db/ar/CActiveRecord.php(658): CActiveRecord->getMetaData()
#2 /alidata/www/yii1.1.15/framework/db/ar/CActiveRecord.php(1350): CActiveRecord->getTableSchema()
#3 /alidata/www/yii1.1.15/framework/db/ar/CActiveRecord.php(1470): CActiveRecord->query(Object(CDbCriteria), true)
#4 /alidata/www/miniq/protected/models/util/TableLink.php(75): CActiveRecord->findAll(Object(CDbCriteria))
#5 /alidata/www/miniq/protected/models/util/TableLink.php(16): TableLink->findAllByUserId('67EB8F9DA303F18...')
#6 /alidata/www/miniq/protected/controllers/MysqlTransactionController.php(65): TableLink->getAllByUserId('67EB8F9DA303F18...')
#7 /alidata/www/miniq/protected/controllers/MysqlTransactionController.php(14): MysqlTransactionController->getTableInfo('67EB8F9DA303F18...')
#8 /alidata/www/yii1.1.15/framework/web/actions/CInlineAction.php(49): MysqlTransactionController->actionGetTransactionByTimeAry()
#9 /alidata/www/yii1.1.15/framework/web/CController.php(308): CInlineAction->runWithParams(Array)
#10 /alidata/www/yii1.1.15/framework/web/CController.php(286): CController->runAction(Object(CInlineAction))
#11 /alidata/www/yii1.1.15/framework/web/CController.php(265): CController->runActionWithFilters(Object(CInlineAction), Array)
#12 /alidata/www/yii1.1.15/framework/web/CWebApplication.php(282): CController->run('GetTransactionB...')
#13 /alidata/www/yii1.1.15/framework/web/CWebApplication.php(141): CWebApplication->runController('MysqlTransactio...')
#14 /alidata/www/yii1.1.15/framework/base/CApplication.php(180): CWebApplication->processRequest()
#15 /alidata/www/miniq/index.php(14): CApplication->run()
#16 {main}
REQUEST_URI=/?r=MysqlTransaction/GetTransactionByTimeAry
HTTP_REFERER=http://www.miniq.site/?r=Main/Main
---
2016/09/09 18:22:44 [error] [php] Undefined property: stdClass::$nickName (/alidata/www/miniq/protected/controllers/MysqlUserController.php:30)
Stack trace:
#0 /alidata/www/yii1.1.15/framework/web/CController.php(286): MysqlUserController->runAction()
#1 /alidata/www/yii1.1.15/framework/web/CController.php(265): MysqlUserController->runActionWithFilters()
#2 /alidata/www/yii1.1.15/framework/web/CWebApplication.php(282): MysqlUserController->run()
#3 /alidata/www/yii1.1.15/framework/web/CWebApplication.php(141): CWebApplication->runController()
#4 /alidata/www/yii1.1.15/framework/base/CApplication.php(180): CWebApplication->processRequest()
#5 /alidata/www/miniq/index.php(14): CWebApplication->run()
REQUEST_URI=/?r=MysqlUser/ChangeNickName
in /alidata/www/miniq/protected/controllers/MysqlUserController.php (30)
in /alidata/www/miniq/index.php (14)
2016/09/09 18:26:29 [error] [php] Undefined property: stdClass::$nickName (/alidata/www/miniq/protected/controllers/MysqlUserController.php:30)
Stack trace:
#0 /alidata/www/yii1.1.15/framework/web/CController.php(286): MysqlUserController->runAction()
#1 /alidata/www/yii1.1.15/framework/web/CController.php(265): MysqlUserController->runActionWithFilters()
#2 /alidata/www/yii1.1.15/framework/web/CWebApplication.php(282): MysqlUserController->run()
#3 /alidata/www/yii1.1.15/framework/web/CWebApplication.php(141): CWebApplication->runController()
#4 /alidata/www/yii1.1.15/framework/base/CApplication.php(180): CWebApplication->processRequest()
#5 /alidata/www/miniq/index.php(14): CWebApplication->run()
REQUEST_URI=/?r=MysqlUser/ChangeNickName
in /alidata/www/miniq/protected/controllers/MysqlUserController.php (30)
in /alidata/www/miniq/index.php (14)
2016/09/09 18:34:25 [error] [php] Undefined property: stdClass::$nickName (/alidata/www/miniq/protected/controllers/MysqlUserController.php:30)
Stack trace:
#0 /alidata/www/yii1.1.15/framework/web/CController.php(286): MysqlUserController->runAction()
#1 /alidata/www/yii1.1.15/framework/web/CController.php(265): MysqlUserController->runActionWithFilters()
#2 /alidata/www/yii1.1.15/framework/web/CWebApplication.php(282): MysqlUserController->run()
#3 /alidata/www/yii1.1.15/framework/web/CWebApplication.php(141): CWebApplication->runController()
#4 /alidata/www/yii1.1.15/framework/base/CApplication.php(180): CWebApplication->processRequest()
#5 /alidata/www/miniq/index.php(14): CWebApplication->run()
REQUEST_URI=/?r=MysqlUser/ChangeNickName
in /alidata/www/miniq/protected/controllers/MysqlUserController.php (30)
in /alidata/www/miniq/index.php (14)
2016/09/09 18:35:15 [error] [php] Undefined property: stdClass::$nickName (/alidata/www/miniq/protected/controllers/MysqlUserController.php:30)
Stack trace:
#0 /alidata/www/yii1.1.15/framework/web/CController.php(286): MysqlUserController->runAction()
#1 /alidata/www/yii1.1.15/framework/web/CController.php(265): MysqlUserController->runActionWithFilters()
#2 /alidata/www/yii1.1.15/framework/web/CWebApplication.php(282): MysqlUserController->run()
#3 /alidata/www/yii1.1.15/framework/web/CWebApplication.php(141): CWebApplication->runController()
#4 /alidata/www/yii1.1.15/framework/base/CApplication.php(180): CWebApplication->processRequest()
#5 /alidata/www/miniq/index.php(14): CWebApplication->run()
REQUEST_URI=/?r=MysqlUser/ChangeNickName
in /alidata/www/miniq/protected/controllers/MysqlUserController.php (30)
in /alidata/www/miniq/index.php (14)
2016/09/09 18:39:52 [error] [php] Undefined property: stdClass::$nickName (/alidata/www/miniq/protected/controllers/MysqlUserController.php:30)
Stack trace:
#0 /alidata/www/yii1.1.15/framework/web/CController.php(286): MysqlUserController->runAction()
#1 /alidata/www/yii1.1.15/framework/web/CController.php(265): MysqlUserController->runActionWithFilters()
#2 /alidata/www/yii1.1.15/framework/web/CWebApplication.php(282): MysqlUserController->run()
#3 /alidata/www/yii1.1.15/framework/web/CWebApplication.php(141): CWebApplication->runController()
#4 /alidata/www/yii1.1.15/framework/base/CApplication.php(180): CWebApplication->processRequest()
#5 /alidata/www/miniq/index.php(14): CWebApplication->run()
REQUEST_URI=/?r=MysqlUser/ChangeNickName
in /alidata/www/miniq/protected/controllers/MysqlUserController.php (30)
in /alidata/www/miniq/index.php (14)
2016/09/09 18:44:42 [error] [php] Undefined property: stdClass::$nickName (/alidata/www/miniq/protected/controllers/MysqlUserController.php:30)
Stack trace:
#0 /alidata/www/yii1.1.15/framework/web/CController.php(286): MysqlUserController->runAction()
#1 /alidata/www/yii1.1.15/framework/web/CController.php(265): MysqlUserController->runActionWithFilters()
#2 /alidata/www/yii1.1.15/framework/web/CWebApplication.php(282): MysqlUserController->run()
#3 /alidata/www/yii1.1.15/framework/web/CWebApplication.php(141): CWebApplication->runController()
#4 /alidata/www/yii1.1.15/framework/base/CApplication.php(180): CWebApplication->processRequest()
#5 /alidata/www/miniq/index.php(14): CWebApplication->run()
REQUEST_URI=/?r=MysqlUser/ChangeNickName
in /alidata/www/miniq/protected/controllers/MysqlUserController.php (30)
in /alidata/www/miniq/index.php (14)
2016/09/09 18:45:15 [error] [php] Undefined property: stdClass::$nickName (/alidata/www/miniq/protected/controllers/MysqlUserController.php:30)
Stack trace:
#0 /alidata/www/yii1.1.15/framework/web/CController.php(286): MysqlUserController->runAction()
#1 /alidata/www/yii1.1.15/framework/web/CController.php(265): MysqlUserController->runActionWithFilters()
#2 /alidata/www/yii1.1.15/framework/web/CWebApplication.php(282): MysqlUserController->run()
#3 /alidata/www/yii1.1.15/framework/web/CWebApplication.php(141): CWebApplication->runController()
#4 /alidata/www/yii1.1.15/framework/base/CApplication.php(180): CWebApplication->processRequest()
#5 /alidata/www/miniq/index.php(14): CWebApplication->run()
REQUEST_URI=/?r=MysqlUser/ChangeNickName
in /alidata/www/miniq/protected/controllers/MysqlUserController.php (30)
in /alidata/www/miniq/index.php (14)
2016/09/11 15:35:30 [error] [exception.CHttpException.404] exception 'CHttpException' with message 'The system is unable to find the requested action "GetLogInfo".' in /alidata/www/yii1.1.15/framework/web/CController.php:483
Stack trace:
#0 /alidata/www/yii1.1.15/framework/web/CController.php(270): CController->missingAction('GetLogInfo')
#1 /alidata/www/yii1.1.15/framework/web/CWebApplication.php(282): CController->run('GetLogInfo')
#2 /alidata/www/yii1.1.15/framework/web/CWebApplication.php(141): CWebApplication->runController('MysqlTable/GetL...')
#3 /alidata/www/yii1.1.15/framework/base/CApplication.php(180): CWebApplication->processRequest()
#4 /alidata/www/miniq/index.php(14): CApplication->run()
#5 {main}
REQUEST_URI=/?r=MysqlTable/GetLogInfo&openId=67EB8F9DA303F184014F9268D8294156&today=1464393400
---
2016/09/14 14:17:39 [error] [exception.CHttpException.404] exception 'CHttpException' with message 'The system is unable to find the requested action "SetCookie".' in /alidata/www/yii1.1.15/framework/web/CController.php:483
Stack trace:
#0 /alidata/www/yii1.1.15/framework/web/CController.php(270): CController->missingAction('SetCookie')
#1 /alidata/www/yii1.1.15/framework/web/CWebApplication.php(282): CController->run('SetCookie')
#2 /alidata/www/yii1.1.15/framework/web/CWebApplication.php(141): CWebApplication->runController('Login/SetCookie')
#3 /alidata/www/yii1.1.15/framework/base/CApplication.php(180): CWebApplication->processRequest()
#4 /alidata/www/miniq/index.php(14): CApplication->run()
#5 {main}
REQUEST_URI=/?r=Login/SetCookie&openId=67EB8F9DA303F184014F9268D8294156
---
2016/09/14 14:52:12 [error] [exception.CHttpException.404] exception 'CHttpException' with message 'The system is unable to find the requested action "chechCookie".' in /alidata/www/yii1.1.15/framework/web/CController.php:483
Stack trace:
#0 /alidata/www/yii1.1.15/framework/web/CController.php(270): CController->missingAction('chechCookie')
#1 /alidata/www/yii1.1.15/framework/web/CWebApplication.php(282): CController->run('chechCookie')
#2 /alidata/www/yii1.1.15/framework/web/CWebApplication.php(141): CWebApplication->runController('Login/chechCook...')
#3 /alidata/www/yii1.1.15/framework/base/CApplication.php(180): CWebApplication->processRequest()
#4 /alidata/www/miniq/index.php(14): CApplication->run()
#5 {main}
REQUEST_URI=/?r=Login/chechCookie&openId=67EB8F9DA303F184014F9268D8294156
---
2016/09/14 15:12:52 [error] [php] Use of undefined constant MONTH - assumed 'MONTH' (/alidata/www/miniq/protected/controllers/LoginController.php:16)
Stack trace:
#0 /alidata/www/yii1.1.15/framework/web/CController.php(286): LoginController->runAction()
#1 /alidata/www/yii1.1.15/framework/web/CController.php(265): LoginController->runActionWithFilters()
#2 /alidata/www/yii1.1.15/framework/web/CWebApplication.php(282): LoginController->run()
#3 /alidata/www/yii1.1.15/framework/web/CWebApplication.php(141): CWebApplication->runController()
#4 /alidata/www/yii1.1.15/framework/base/CApplication.php(180): CWebApplication->processRequest()
#5 /alidata/www/miniq/index.php(14): CWebApplication->run()
REQUEST_URI=/?r=Login/SetCookie&openId=67EB8F9DA303F184014F9268D8294156
in /alidata/www/miniq/protected/controllers/LoginController.php (16)
in /alidata/www/miniq/index.php (14)
2016/09/14 15:12:59 [error] [php] Use of undefined constant MONTH - assumed 'MONTH' (/alidata/www/miniq/protected/controllers/LoginController.php:16)
Stack trace:
#0 /alidata/www/yii1.1.15/framework/web/CController.php(286): LoginController->runAction()
#1 /alidata/www/yii1.1.15/framework/web/CController.php(265): LoginController->runActionWithFilters()
#2 /alidata/www/yii1.1.15/framework/web/CWebApplication.php(282): LoginController->run()
#3 /alidata/www/yii1.1.15/framework/web/CWebApplication.php(141): CWebApplication->runController()
#4 /alidata/www/yii1.1.15/framework/base/CApplication.php(180): CWebApplication->processRequest()
#5 /alidata/www/miniq/index.php(14): CWebApplication->run()
REQUEST_URI=/?r=Login/SetCookie&openId=67EB8F9DA303F184014F9268D8294156
in /alidata/www/miniq/protected/controllers/LoginController.php (16)
in /alidata/www/miniq/index.php (14)
2016/09/14 15:13:18 [error] [php] Use of undefined constant MONTH - assumed 'MONTH' (/alidata/www/miniq/protected/controllers/LoginController.php:16)
Stack trace:
#0 /alidata/www/yii1.1.15/framework/web/CController.php(286): LoginController->runAction()
#1 /alidata/www/yii1.1.15/framework/web/CController.php(265): LoginController->runActionWithFilters()
#2 /alidata/www/yii1.1.15/framework/web/CWebApplication.php(282): LoginController->run()
#3 /alidata/www/yii1.1.15/framework/web/CWebApplication.php(141): CWebApplication->runController()
#4 /alidata/www/yii1.1.15/framework/base/CApplication.php(180): CWebApplication->processRequest()
#5 /alidata/www/miniq/index.php(14): CWebApplication->run()
REQUEST_URI=/?r=Login/SetCookie&openId=67EB8F9DA303F184014F9268D8294156
in /alidata/www/miniq/protected/controllers/LoginController.php (16)
in /alidata/www/miniq/index.php (14)
2016/09/14 15:13:43 [error] [php] Use of undefined constant MONTH - assumed 'MONTH' (/alidata/www/miniq/protected/controllers/LoginController.php:16)
Stack trace:
#0 /alidata/www/yii1.1.15/framework/web/CController.php(286): LoginController->runAction()
#1 /alidata/www/yii1.1.15/framework/web/CController.php(265): LoginController->runActionWithFilters()
#2 /alidata/www/yii1.1.15/framework/web/CWebApplication.php(282): LoginController->run()
#3 /alidata/www/yii1.1.15/framework/web/CWebApplication.php(141): CWebApplication->runController()
#4 /alidata/www/yii1.1.15/framework/base/CApplication.php(180): CWebApplication->processRequest()
#5 /alidata/www/miniq/index.php(14): CWebApplication->run()
REQUEST_URI=/?r=Login/SetCookie&openId=67EB8F9DA303F184014F9268D8294156
in /alidata/www/miniq/protected/controllers/LoginController.php (16)
in /alidata/www/miniq/index.php (14)
2016/09/14 15:13:56 [error] [php] Use of undefined constant MONTH - assumed 'MONTH' (/alidata/www/miniq/protected/controllers/LoginController.php:16)
Stack trace:
#0 /alidata/www/yii1.1.15/framework/web/CController.php(286): LoginController->runAction()
#1 /alidata/www/yii1.1.15/framework/web/CController.php(265): LoginController->runActionWithFilters()
#2 /alidata/www/yii1.1.15/framework/web/CWebApplication.php(282): LoginController->run()
#3 /alidata/www/yii1.1.15/framework/web/CWebApplication.php(141): CWebApplication->runController()
#4 /alidata/www/yii1.1.15/framework/base/CApplication.php(180): CWebApplication->processRequest()
#5 /alidata/www/miniq/index.php(14): CWebApplication->run()
REQUEST_URI=/?r=Login/SetCookie&openId=67EB8F9DA303F184014F9268D8294156
in /alidata/www/miniq/protected/controllers/LoginController.php (16)
in /alidata/www/miniq/index.php (14)
2016/09/14 15:14:30 [error] [php] Use of undefined constant MONTH - assumed 'MONTH' (/alidata/www/miniq/protected/controllers/LoginController.php:24)
Stack trace:
#0 /alidata/www/yii1.1.15/framework/web/CController.php(286): LoginController->runAction()
#1 /alidata/www/yii1.1.15/framework/web/CController.php(265): LoginController->runActionWithFilters()
#2 /alidata/www/yii1.1.15/framework/web/CWebApplication.php(282): LoginController->run()
#3 /alidata/www/yii1.1.15/framework/web/CWebApplication.php(141): CWebApplication->runController()
#4 /alidata/www/yii1.1.15/framework/base/CApplication.php(180): CWebApplication->processRequest()
#5 /alidata/www/miniq/index.php(14): CWebApplication->run()
REQUEST_URI=/?r=Login/CheckCookie
in /alidata/www/miniq/protected/controllers/LoginController.php (24)
in /alidata/www/miniq/index.php (14)
2016/09/14 15:14:44 [error] [php] Use of undefined constant MONTH - assumed 'MONTH' (/alidata/www/miniq/protected/controllers/LoginController.php:24)
Stack trace:
#0 /alidata/www/yii1.1.15/framework/web/CController.php(286): LoginController->runAction()
#1 /alidata/www/yii1.1.15/framework/web/CController.php(265): LoginController->runActionWithFilters()
#2 /alidata/www/yii1.1.15/framework/web/CWebApplication.php(282): LoginController->run()
#3 /alidata/www/yii1.1.15/framework/web/CWebApplication.php(141): CWebApplication->runController()
#4 /alidata/www/yii1.1.15/framework/base/CApplication.php(180): CWebApplication->processRequest()
#5 /alidata/www/miniq/index.php(14): CWebApplication->run()
REQUEST_URI=/?r=Login/CheckCookie
in /alidata/www/miniq/protected/controllers/LoginController.php (24)
in /alidata/www/miniq/index.php (14)
2016/09/14 15:15:03 [error] [php] Use of undefined constant MONTH - assumed 'MONTH' (/alidata/www/miniq/protected/controllers/LoginController.php:24)
Stack trace:
#0 /alidata/www/yii1.1.15/framework/web/CController.php(286): LoginController->runAction()
#1 /alidata/www/yii1.1.15/framework/web/CController.php(265): LoginController->runActionWithFilters()
#2 /alidata/www/yii1.1.15/framework/web/CWebApplication.php(282): LoginController->run()
#3 /alidata/www/yii1.1.15/framework/web/CWebApplication.php(141): CWebApplication->runController()
#4 /alidata/www/yii1.1.15/framework/base/CApplication.php(180): CWebApplication->processRequest()
#5 /alidata/www/miniq/index.php(14): CWebApplication->run()
REQUEST_URI=/?r=Login/CheckCookie
in /alidata/www/miniq/protected/controllers/LoginController.php (24)
in /alidata/www/miniq/index.php (14)
2016/09/14 15:15:26 [error] [php] Use of undefined constant MONTH - assumed 'MONTH' (/alidata/www/miniq/protected/controllers/LoginController.php:24)
Stack trace:
#0 /alidata/www/yii1.1.15/framework/web/CController.php(286): LoginController->runAction()
#1 /alidata/www/yii1.1.15/framework/web/CController.php(265): LoginController->runActionWithFilters()
#2 /alidata/www/yii1.1.15/framework/web/CWebApplication.php(282): LoginController->run()
#3 /alidata/www/yii1.1.15/framework/web/CWebApplication.php(141): CWebApplication->runController()
#4 /alidata/www/yii1.1.15/framework/base/CApplication.php(180): CWebApplication->processRequest()
#5 /alidata/www/miniq/index.php(14): CWebApplication->run()
REQUEST_URI=/?r=Login/CheckCookie
in /alidata/www/miniq/protected/controllers/LoginController.php (24)
in /alidata/www/miniq/index.php (14)
2016/09/14 17:04:22 [error] [php] Undefined property: stdClass::$creatorId (/alidata/www/miniq/protected/controllers/MysqlTableController.php:15)
Stack trace:
#0 /alidata/www/yii1.1.15/framework/web/CController.php(286): MysqlTableController->runAction()
#1 /alidata/www/yii1.1.15/framework/web/CController.php(265): MysqlTableController->runActionWithFilters()
#2 /alidata/www/yii1.1.15/framework/web/CWebApplication.php(282): MysqlTableController->run()
#3 /alidata/www/yii1.1.15/framework/web/CWebApplication.php(141): CWebApplication->runController()
#4 /alidata/www/yii1.1.15/framework/base/CApplication.php(180): CWebApplication->processRequest()
#5 /alidata/www/miniq/index.php(14): CWebApplication->run()
REQUEST_URI=/?r=MysqlTable/CreateLogTable
in /alidata/www/miniq/protected/controllers/MysqlTableController.php (15)
in /alidata/www/miniq/index.php (14)
2016/09/14 17:04:34 [error] [php] Undefined property: stdClass::$creatorId (/alidata/www/miniq/protected/controllers/MysqlTableController.php:15)
Stack trace:
#0 /alidata/www/yii1.1.15/framework/web/CController.php(286): MysqlTableController->runAction()
#1 /alidata/www/yii1.1.15/framework/web/CController.php(265): MysqlTableController->runActionWithFilters()
#2 /alidata/www/yii1.1.15/framework/web/CWebApplication.php(282): MysqlTableController->run()
#3 /alidata/www/yii1.1.15/framework/web/CWebApplication.php(141): CWebApplication->runController()
#4 /alidata/www/yii1.1.15/framework/base/CApplication.php(180): CWebApplication->processRequest()
#5 /alidata/www/miniq/index.php(14): CWebApplication->run()
REQUEST_URI=/?r=MysqlTable/CreateLogTable
in /alidata/www/miniq/protected/controllers/MysqlTableController.php (15)
in /alidata/www/miniq/index.php (14)
